{"/home/jmu/Projects/unexpected-require/bootstrap-unexpected-markdown.js":{"path":"/home/jmu/Projects/unexpected-require/bootstrap-unexpected-markdown.js","s":{"1":1,"2":1,"3":1},"b":{},"f":{},"fnMap":{},"statementMap":{"1":{"start":{"line":2,"column":0},"end":{"line":2,"column":43}},"2":{"start":{"line":3,"column":0},"end":{"line":3,"column":52}},"3":{"start":{"line":4,"column":0},"end":{"line":4,"column":38}}},"branchMap":{}},"/home/jmu/Projects/unexpected-require/lib/unexpected-require.js":{"path":"/home/jmu/Projects/unexpected-require/lib/unexpected-require.js","s":{"1":1,"2":1,"3":2,"4":5,"5":5,"6":5,"7":5},"b":{},"f":{"1":2,"2":5,"3":5,"4":5},"fnMap":{"1":{"name":"unexpectedRequire","line":6,"loc":{"start":{"line":6,"column":17},"end":{"line":6,"column":52}}},"2":{"name":"(anonymous_2)","line":7,"loc":{"start":{"line":7,"column":83},"end":{"line":7,"column":133}}},"3":{"name":"(anonymous_3)","line":8,"loc":{"start":{"line":8,"column":55},"end":{"line":8,"column":75}}},"4":{"name":"(anonymous_4)","line":11,"loc":{"start":{"line":11,"column":42},"end":{"line":11,"column":54}}}},"statementMap":{"1":{"start":{"line":1,"column":0},"end":{"line":1,"column":42}},"2":{"start":{"line":3,"column":0},"end":{"line":16,"column":2}},"3":{"start":{"line":7,"column":8},"end":{"line":14,"column":11}},"4":{"start":{"line":8,"column":12},"end":{"line":10,"column":15}},"5":{"start":{"line":9,"column":16},"end":{"line":9,"column":71}},"6":{"start":{"line":11,"column":12},"end":{"line":13,"column":15}},"7":{"start":{"line":12,"column":16},"end":{"line":12,"column":38}}},"branchMap":{}}}